The target system is: Android - 1 - aarch64
The host system is: Windows - 10.0.22000 - AMD64
Determining if the C compiler works passed with the following output:
Change Dir: C:/Users/EDY/junker_zhaofei/MyWorkApplication/AndroidStudioProjects/GitObject/IMAndroidCplusplusProject/TUIKit/IMCppSDK/imcppsdk/.cxx/cmake/debug/arm64-v8a/CMakeFiles/CMakeTmp

Run Build Command:"C:\Users\EDY\AppData\Local\Android\Sdk\cmake\3.10.2.4988404\bin\ninja.exe" "cmTC_5d63d"
[1/2] Building C object CMakeFiles/cmTC_5d63d.dir/testCCompiler.c.o

[2/2] Linking C executable cmTC_5d63d



Detecting C compiler ABI info compiled with the following output:
Change Dir: C:/Users/EDY/junker_zhaofei/MyWorkApplication/AndroidStudioProjects/GitObject/IMAndroidCplusplusProject/TUIKit/IMCppSDK/imcppsdk/.cxx/cmake/debug/arm64-v8a/CMakeFiles/CMakeTmp

Run Build Command:"C:\Users\EDY\AppData\Local\Android\Sdk\cmake\3.10.2.4988404\bin\ninja.exe" "cmTC_dd03c"
[1/2] Building C object CMakeFiles/cmTC_dd03c.dir/CMakeCCompilerABI.c.o

[2/2] Linking C executable cmTC_dd03c

Android (7155654, based on r399163b1) clang version 11.0.5 (https://android.googlesource.com/toolchain/llvm-project 87f1315dfbea7c137aa2e6d362dbb457e388158d)

Target: aarch64-none-linux-android21

Thread model: posix

InstalledDir: C:\Users\EDY\AppData\Local\Android\Sdk\ndk\22.1.7171670\toolchains\llvm\prebuilt\windows-x86_64\bin

Found candidate GCC installation: C:/Users/EDY/AppData/Local/Android/Sdk/ndk/22.1.7171670/toolchains/llvm/prebuilt/windows-x86_64/lib/gcc/aarch64-linux-android\4.9.x

Selected GCC installation: C:/Users/EDY/AppData/Local/Android/Sdk/ndk/22.1.7171670/toolchains/llvm/prebuilt/windows-x86_64/lib/gcc/aarch64-linux-android/4.9.x

Candidate multilib: .;@m64

Selected multilib: .;@m64

 "C:\\Users\\EDY\\AppData\\Local\\Android\\Sdk\\ndk\\22.1.7171670\\toolchains\\llvm\\prebuilt\\windows-x86_64\\bin\\ld" --sysroot=C:/Users/EDY/AppData/Local/Android/Sdk/ndk/22.1.7171670/toolchains/llvm/prebuilt/windows-x86_64/sysroot -pie -z noexecstack -EL --fix-cortex-a53-843419 --warn-shared-textrel -z now -z relro -z max-page-size=4096 --hash-style=both --enable-new-dtags --eh-frame-hdr -m aarch64linux -dynamic-linker /system/bin/linker64 -o cmTC_dd03c "C:/Users/EDY/AppData/Local/Android/Sdk/ndk/22.1.7171670/toolchains/llvm/prebuilt/windows-x86_64/sysroot/usr/lib/aarch64-linux-android/21\\crtbegin_dynamic.o" "-LC:\\Users\\EDY\\AppData\\Local\\Android\\Sdk\\ndk\\22.1.7171670\\toolchains\\llvm\\prebuilt\\windows-x86_64\\lib64\\clang\\11.0.5\\lib\\linux\\aarch64" -LC:/Users/EDY/AppData/Local/Android/Sdk/ndk/22.1.7171670/toolchains/llvm/prebuilt/windows-x86_64/lib/gcc/aarch64-linux-android/4.9.x -LC:/Users/EDY/AppData/Local/Android/Sdk/ndk/22.1.7171670/toolchains/llvm/prebuilt/windows-x86_64/lib/gcc/aarch64-linux-android/4.9.x/../../../../aarch64-linux-android/lib/../lib64 -LC:/Users/EDY/AppData/Local/Android/Sdk/ndk/22.1.7171670/toolchains/llvm/prebuilt/windows-x86_64/sysroot/usr/lib/aarch64-linux-android/21 -LC:/Users/EDY/AppData/Local/Android/Sdk/ndk/22.1.7171670/toolchains/llvm/prebuilt/windows-x86_64/sysroot/usr/lib/aarch64-linux-android -LC:/Users/EDY/AppData/Local/Android/Sdk/ndk/22.1.7171670/toolchains/llvm/prebuilt/windows-x86_64/lib/gcc/aarch64-linux-android/4.9.x/../../../../aarch64-linux-android/lib -LC:/Users/EDY/AppData/Local/Android/Sdk/ndk/22.1.7171670/toolchains/llvm/prebuilt/windows-x86_64/sysroot/usr/lib --exclude-libs libgcc.a --exclude-libs libgcc_real.a --exclude-libs libatomic.a --build-id=sha1 --no-rosegment --fatal-warnings --no-undefined --gc-sections CMakeFiles/cmTC_dd03c.dir/CMakeCCompilerABI.c.o -lgcc -ldl -lc -lgcc -ldl "C:/Users/EDY/AppData/Local/Android/Sdk/ndk/22.1.7171670/toolchains/llvm/prebuilt/windows-x86_64/sysroot/usr/lib/aarch64-linux-android/21\\crtend_android.o"



Parsed C implicit link information from above output:
  link line regex: [^( *|.*[/\])(CMAKE_LINKER-NOTFOUND|CMAKE_LINK_STARTFILE-NOTFOUND|([^/\]+-)?ld|collect2)[^/\]*( |$)]
  ignore line: [Change Dir: C:/Users/EDY/junker_zhaofei/MyWorkApplication/AndroidStudioProjects/GitObject/IMAndroidCplusplusProject/TUIKit/IMCppSDK/imcppsdk/.cxx/cmake/debug/arm64-v8a/CMakeFiles/CMakeTmp]
  ignore line: []
  ignore line: [Run Build Command:"C:\Users\EDY\AppData\Local\Android\Sdk\cmake\3.10.2.4988404\bin\ninja.exe" "cmTC_dd03c"]
  ignore line: [[1/2] Building C object CMakeFiles/cmTC_dd03c.dir/CMakeCCompilerABI.c.o]
  ignore line: [[2/2] Linking C executable cmTC_dd03c]
  ignore line: [Android (7155654, based on r399163b1) clang version 11.0.5 (https://android.googlesource.com/toolchain/llvm-project 87f1315dfbea7c137aa2e6d362dbb457e388158d)]
  ignore line: [Target: aarch64-none-linux-android21]
  ignore line: [Thread model: posix]
  ignore line: [InstalledDir: C:\Users\EDY\AppData\Local\Android\Sdk\ndk\22.1.7171670\toolchains\llvm\prebuilt\windows-x86_64\bin]
  ignore line: [Found candidate GCC installation: C:/Users/EDY/AppData/Local/Android/Sdk/ndk/22.1.7171670/toolchains/llvm/prebuilt/windows-x86_64/lib/gcc/aarch64-linux-android\4.9.x]
  ignore line: [Selected GCC installation: C:/Users/EDY/AppData/Local/Android/Sdk/ndk/22.1.7171670/toolchains/llvm/prebuilt/windows-x86_64/lib/gcc/aarch64-linux-android/4.9.x]
  ignore line: [Candidate multilib: .]
  ignore line: [@m64]
  ignore line: [Selected multilib: .]
  ignore line: [@m64]
  link line: [ "C:\\Users\\EDY\\AppData\\Local\\Android\\Sdk\\ndk\\22.1.7171670\\toolchains\\llvm\\prebuilt\\windows-x86_64\\bin\\ld" --sysroot=C:/Users/EDY/AppData/Local/Android/Sdk/ndk/22.1.7171670/toolchains/llvm/prebuilt/windows-x86_64/sysroot -pie -z noexecstack -EL --fix-cortex-a53-843419 --warn-shared-textrel -z now -z relro -z max-page-size=4096 --hash-style=both --enable-new-dtags --eh-frame-hdr -m aarch64linux -dynamic-linker /system/bin/linker64 -o cmTC_dd03c "C:/Users/EDY/AppData/Local/Android/Sdk/ndk/22.1.7171670/toolchains/llvm/prebuilt/windows-x86_64/sysroot/usr/lib/aarch64-linux-android/21\\crtbegin_dynamic.o" "-LC:\\Users\\EDY\\AppData\\Local\\Android\\Sdk\\ndk\\22.1.7171670\\toolchains\\llvm\\prebuilt\\windows-x86_64\\lib64\\clang\\11.0.5\\lib\\linux\\aarch64" -LC:/Users/EDY/AppData/Local/Android/Sdk/ndk/22.1.7171670/toolchains/llvm/prebuilt/windows-x86_64/lib/gcc/aarch64-linux-android/4.9.x -LC:/Users/EDY/AppData/Local/Android/Sdk/ndk/22.1.7171670/toolchains/llvm/prebuilt/windows-x86_64/lib/gcc/aarch64-linux-android/4.9.x/../../../../aarch64-linux-android/lib/../lib64 -LC:/Users/EDY/AppData/Local/Android/Sdk/ndk/22.1.7171670/toolchains/llvm/prebuilt/windows-x86_64/sysroot/usr/lib/aarch64-linux-android/21 -LC:/Users/EDY/AppData/Local/Android/Sdk/ndk/22.1.7171670/toolchains/llvm/prebuilt/windows-x86_64/sysroot/usr/lib/aarch64-linux-android -LC:/Users/EDY/AppData/Local/Android/Sdk/ndk/22.1.7171670/toolchains/llvm/prebuilt/windows-x86_64/lib/gcc/aarch64-linux-android/4.9.x/../../../../aarch64-linux-android/lib -LC:/Users/EDY/AppData/Local/Android/Sdk/ndk/22.1.7171670/toolchains/llvm/prebuilt/windows-x86_64/sysroot/usr/lib --exclude-libs libgcc.a --exclude-libs libgcc_real.a --exclude-libs libatomic.a --build-id=sha1 --no-rosegment --fatal-warnings --no-undefined --gc-sections CMakeFiles/cmTC_dd03c.dir/CMakeCCompilerABI.c.o -lgcc -ldl -lc -lgcc -ldl "C:/Users/EDY/AppData/Local/Android/Sdk/ndk/22.1.7171670/toolchains/llvm/prebuilt/windows-x86_64/sysroot/usr/lib/aarch64-linux-android/21\\crtend_android.o"]
    arg [C:\\Users\\EDY\\AppData\\Local\\Android\\Sdk\\ndk\\22.1.7171670\\toolchains\\llvm\\prebuilt\\windows-x86_64\\bin\\ld] ==> ignore
    arg [--sysroot=C:/Users/EDY/AppData/Local/Android/Sdk/ndk/22.1.7171670/toolchains/llvm/prebuilt/windows-x86_64/sysroot] ==> ignore
    arg [-pie] ==> ignore
    arg [-znoexecstack] ==> ignore
    arg [-EL] ==> ignore
    arg [--fix-cortex-a53-843419] ==> ignore
    arg [--warn-shared-textrel] ==> ignore
    arg [-znow] ==> ignore
    arg [-zrelro] ==> ignore
    arg [-zmax-page-size=4096] ==> ignore
    arg [--hash-style=both] ==> ignore
    arg [--enable-new-dtags] ==> ignore
    arg [--eh-frame-hdr] ==> ignore
    arg [-m] ==> ignore
    arg [aarch64linux] ==> ignore
    arg [-dynamic-linker] ==> ignore
    arg [/system/bin/linker64] ==> ignore
    arg [-o] ==> ignore
    arg [cmTC_dd03c] ==> ignore
    arg [C:/Users/EDY/AppData/Local/Android/Sdk/ndk/22.1.7171670/toolchains/llvm/prebuilt/windows-x86_64/sysroot/usr/lib/aarch64-linux-android/21\\crtbegin_dynamic.o] ==> ignore
    arg [-LC:\\Users\\EDY\\AppData\\Local\\Android\\Sdk\\ndk\\22.1.7171670\\toolchains\\llvm\\prebuilt\\windows-x86_64\\lib64\\clang\\11.0.5\\lib\\linux\\aarch64] ==> dir [C:\\Users\\EDY\\AppData\\Local\\Android\\Sdk\\ndk\\22.1.7171670\\toolchains\\llvm\\prebuilt\\windows-x86_64\\lib64\\clang\\11.0.5\\lib\\linux\\aarch64]
    arg [-LC:/Users/EDY/AppData/Local/Android/Sdk/ndk/22.1.7171670/toolchains/llvm/prebuilt/windows-x86_64/lib/gcc/aarch64-linux-android/4.9.x] ==> dir [C:/Users/EDY/AppData/Local/Android/Sdk/ndk/22.1.7171670/toolchains/llvm/prebuilt/windows-x86_64/lib/gcc/aarch64-linux-android/4.9.x]
    arg [-LC:/Users/EDY/AppData/Local/Android/Sdk/ndk/22.1.7171670/toolchains/llvm/prebuilt/windows-x86_64/lib/gcc/aarch64-linux-android/4.9.x/../../../../aarch64-linux-android/lib/../lib64] ==> dir [C:/Users/EDY/AppData/Local/Android/Sdk/ndk/22.1.7171670/toolchains/llvm/prebuilt/windows-x86_64/lib/gcc/aarch64-linux-android/4.9.x/../../../../aarch64-linux-android/lib/../lib64]
    arg [-LC:/Users/EDY/AppData/Local/Android/Sdk/ndk/22.1.7171670/toolchains/llvm/prebuilt/windows-x86_64/sysroot/usr/lib/aarch64-linux-android/21] ==> dir [C:/Users/EDY/AppData/Local/Android/Sdk/ndk/22.1.7171670/toolchains/llvm/prebuilt/windows-x86_64/sysroot/usr/lib/aarch64-linux-android/21]
    arg [-LC:/Users/EDY/AppData/Local/Android/Sdk/ndk/22.1.7171670/toolchains/llvm/prebuilt/windows-x86_64/sysroot/usr/lib/aarch64-linux-android] ==> dir [C:/Users/EDY/AppData/Local/Android/Sdk/ndk/22.1.7171670/toolchains/llvm/prebuilt/windows-x86_64/sysroot/usr/lib/aarch64-linux-android]
    arg [-LC:/Users/EDY/AppData/Local/Android/Sdk/ndk/22.1.7171670/toolchains/llvm/prebuilt/windows-x86_64/lib/gcc/aarch64-linux-android/4.9.x/../../../../aarch64-linux-android/lib] ==> dir [C:/Users/EDY/AppData/Local/Android/Sdk/ndk/22.1.7171670/toolchains/llvm/prebuilt/windows-x86_64/lib/gcc/aarch64-linux-android/4.9.x/../../../../aarch64-linux-android/lib]
    arg [-LC:/Users/EDY/AppData/Local/Android/Sdk/ndk/22.1.7171670/toolchains/llvm/prebuilt/windows-x86_64/sysroot/usr/lib] ==> dir [C:/Users/EDY/AppData/Local/Android/Sdk/ndk/22.1.7171670/toolchains/llvm/prebuilt/windows-x86_64/sysroot/usr/lib]
    arg [--exclude-libs] ==> ignore
    arg [libgcc.a] ==> ignore
    arg [--exclude-libs] ==> ignore
    arg [libgcc_real.a] ==> ignore
    arg [--exclude-libs] ==> ignore
    arg [libatomic.a] ==> ignore
    arg [--build-id=sha1] ==> ignore
    arg [--no-rosegment] ==> ignore
    arg [--fatal-warnings] ==> ignore
    arg [--no-undefined] ==> ignore
    arg [--gc-sections] ==> ignore
    arg [CMakeFiles/cmTC_dd03c.dir/CMakeCCompilerABI.c.o] ==> ignore
    arg [-lgcc] ==> lib [gcc]
    arg [-ldl] ==> lib [dl]
    arg [-lc] ==> lib [c]
    arg [-lgcc] ==> lib [gcc]
    arg [-ldl] ==> lib [dl]
    arg [C:/Users/EDY/AppData/Local/Android/Sdk/ndk/22.1.7171670/toolchains/llvm/prebuilt/windows-x86_64/sysroot/usr/lib/aarch64-linux-android/21\\crtend_android.o] ==> ignore
  collapse library dir [C:\\Users\\EDY\\AppData\\Local\\Android\\Sdk\\ndk\\22.1.7171670\\toolchains\\llvm\\prebuilt\\windows-x86_64\\lib64\\clang\\11.0.5\\lib\\linux\\aarch64] ==> [C:/Users/EDY/AppData/Local/Android/Sdk/ndk/22.1.7171670/toolchains/llvm/prebuilt/windows-x86_64/lib64/clang/11.0.5/lib/linux/aarch64]
  collapse library dir [C:/Users/EDY/AppData/Local/Android/Sdk/ndk/22.1.7171670/toolchains/llvm/prebuilt/windows-x86_64/lib/gcc/aarch64-linux-android/4.9.x] ==> [C:/Users/EDY/AppData/Local/Android/Sdk/ndk/22.1.7171670/toolchains/llvm/prebuilt/windows-x86_64/lib/gcc/aarch64-linux-android/4.9.x]
  collapse library dir [C:/Users/EDY/AppData/Local/Android/Sdk/ndk/22.1.7171670/toolchains/llvm/prebuilt/windows-x86_64/lib/gcc/aarch64-linux-android/4.9.x/../../../../aarch64-linux-android/lib/../lib64] ==> [C:/Users/EDY/AppData/Local/Android/Sdk/ndk/22.1.7171670/toolchains/llvm/prebuilt/windows-x86_64/aarch64-linux-android/lib64]
  collapse library dir [C:/Users/EDY/AppData/Local/Android/Sdk/ndk/22.1.7171670/toolchains/llvm/prebuilt/windows-x86_64/sysroot/usr/lib/aarch64-linux-android/21] ==> [C:/Users/EDY/AppData/Local/Android/Sdk/ndk/22.1.7171670/toolchains/llvm/prebuilt/windows-x86_64/sysroot/usr/lib/aarch64-linux-android/21]
  collapse library dir [C:/Users/EDY/AppData/Local/Android/Sdk/ndk/22.1.7171670/toolchains/llvm/prebuilt/windows-x86_64/sysroot/usr/lib/aarch64-linux-android] ==> [C:/Users/EDY/AppData/Local/Android/Sdk/ndk/22.1.7171670/toolchains/llvm/prebuilt/windows-x86_64/sysroot/usr/lib/aarch64-linux-android]
  collapse library dir [C:/Users/EDY/AppData/Local/Android/Sdk/ndk/22.1.7171670/toolchains/llvm/prebuilt/windows-x86_64/lib/gcc/aarch64-linux-android/4.9.x/../../../../aarch64-linux-android/lib] ==> [C:/Users/EDY/AppData/Local/Android/Sdk/ndk/22.1.7171670/toolchains/llvm/prebuilt/windows-x86_64/aarch64-linux-android/lib]
  collapse library dir [C:/Users/EDY/AppData/Local/Android/Sdk/ndk/22.1.7171670/toolchains/llvm/prebuilt/windows-x86_64/sysroot/usr/lib] ==> [C:/Users/EDY/AppData/Local/Android/Sdk/ndk/22.1.7171670/toolchains/llvm/prebuilt/windows-x86_64/sysroot/usr/lib]
  implicit libs: [gcc;dl;c;gcc;dl]
  implicit dirs: [C:/Users/EDY/AppData/Local/Android/Sdk/ndk/22.1.7171670/toolchains/llvm/prebuilt/windows-x86_64/lib64/clang/11.0.5/lib/linux/aarch64;C:/Users/EDY/AppData/Local/Android/Sdk/ndk/22.1.7171670/toolchains/llvm/prebuilt/windows-x86_64/lib/gcc/aarch64-linux-android/4.9.x;C:/Users/EDY/AppData/Local/Android/Sdk/ndk/22.1.7171670/toolchains/llvm/prebuilt/windows-x86_64/aarch64-linux-android/lib64;C:/Users/EDY/AppData/Local/Android/Sdk/ndk/22.1.7171670/toolchains/llvm/prebuilt/windows-x86_64/sysroot/usr/lib/aarch64-linux-android/21;C:/Users/EDY/AppData/Local/Android/Sdk/ndk/22.1.7171670/toolchains/llvm/prebuilt/windows-x86_64/sysroot/usr/lib/aarch64-linux-android;C:/Users/EDY/AppData/Local/Android/Sdk/ndk/22.1.7171670/toolchains/llvm/prebuilt/windows-x86_64/aarch64-linux-android/lib;C:/Users/EDY/AppData/Local/Android/Sdk/ndk/22.1.7171670/toolchains/llvm/prebuilt/windows-x86_64/sysroot/usr/lib]
  implicit fwks: []




Detecting C [-std=c11] compiler features compiled with the following output:
Change Dir: C:/Users/EDY/junker_zhaofei/MyWorkApplication/AndroidStudioProjects/GitObject/IMAndroidCplusplusProject/TUIKit/IMCppSDK/imcppsdk/.cxx/cmake/debug/arm64-v8a/CMakeFiles/CMakeTmp

Run Build Command:"C:\Users\EDY\AppData\Local\Android\Sdk\cmake\3.10.2.4988404\bin\ninja.exe" "cmTC_60e1c"
[1/2] Building C object CMakeFiles/cmTC_60e1c.dir/feature_tests.c.o

[2/2] Linking C executable cmTC_60e1c



    Feature record: C_FEATURE:1c_function_prototypes
    Feature record: C_FEATURE:1c_restrict
    Feature record: C_FEATURE:1c_static_assert
    Feature record: C_FEATURE:1c_variadic_macros


Detecting C [-std=c99] compiler features compiled with the following output:
Change Dir: C:/Users/EDY/junker_zhaofei/MyWorkApplication/AndroidStudioProjects/GitObject/IMAndroidCplusplusProject/TUIKit/IMCppSDK/imcppsdk/.cxx/cmake/debug/arm64-v8a/CMakeFiles/CMakeTmp

Run Build Command:"C:\Users\EDY\AppData\Local\Android\Sdk\cmake\3.10.2.4988404\bin\ninja.exe" "cmTC_d87c5"
[1/2] Building C object CMakeFiles/cmTC_d87c5.dir/feature_tests.c.o

[2/2] Linking C executable cmTC_d87c5



    Feature record: C_FEATURE:1c_function_prototypes
    Feature record: C_FEATURE:1c_restrict
    Feature record: C_FEATURE:0c_static_assert
    Feature record: C_FEATURE:1c_variadic_macros


Detecting C [-std=c90] compiler features compiled with the following output:
Change Dir: C:/Users/EDY/junker_zhaofei/MyWorkApplication/AndroidStudioProjects/GitObject/IMAndroidCplusplusProject/TUIKit/IMCppSDK/imcppsdk/.cxx/cmake/debug/arm64-v8a/CMakeFiles/CMakeTmp

Run Build Command:"C:\Users\EDY\AppData\Local\Android\Sdk\cmake\3.10.2.4988404\bin\ninja.exe" "cmTC_c3e32"
[1/2] Building C object CMakeFiles/cmTC_c3e32.dir/feature_tests.c.o

[2/2] Linking C executable cmTC_c3e32



    Feature record: C_FEATURE:1c_function_prototypes
    Feature record: C_FEATURE:0c_restrict
    Feature record: C_FEATURE:0c_static_assert
    Feature record: C_FEATURE:0c_variadic_macros
Determining if the CXX compiler works passed with the following output:
Change Dir: C:/Users/EDY/junker_zhaofei/MyWorkApplication/AndroidStudioProjects/GitObject/IMAndroidCplusplusProject/TUIKit/IMCppSDK/imcppsdk/.cxx/cmake/debug/arm64-v8a/CMakeFiles/CMakeTmp

Run Build Command:"C:\Users\EDY\AppData\Local\Android\Sdk\cmake\3.10.2.4988404\bin\ninja.exe" "cmTC_d0d94"
[1/2] Building CXX object CMakeFiles/cmTC_d0d94.dir/testCXXCompiler.cxx.o

[2/2] Linking CXX executable cmTC_d0d94



Detecting CXX compiler ABI info compiled with the following output:
Change Dir: C:/Users/EDY/junker_zhaofei/MyWorkApplication/AndroidStudioProjects/GitObject/IMAndroidCplusplusProject/TUIKit/IMCppSDK/imcppsdk/.cxx/cmake/debug/arm64-v8a/CMakeFiles/CMakeTmp

Run Build Command:"C:\Users\EDY\AppData\Local\Android\Sdk\cmake\3.10.2.4988404\bin\ninja.exe" "cmTC_1e4a7"
[1/2] Building CXX object CMakeFiles/cmTC_1e4a7.dir/CMakeCXXCompilerABI.cpp.o

[2/2] Linking CXX executable cmTC_1e4a7

Android (7155654, based on r399163b1) clang version 11.0.5 (https://android.googlesource.com/toolchain/llvm-project 87f1315dfbea7c137aa2e6d362dbb457e388158d)

Target: aarch64-none-linux-android21

Thread model: posix

InstalledDir: C:\Users\EDY\AppData\Local\Android\Sdk\ndk\22.1.7171670\toolchains\llvm\prebuilt\windows-x86_64\bin

Found candidate GCC installation: C:/Users/EDY/AppData/Local/Android/Sdk/ndk/22.1.7171670/toolchains/llvm/prebuilt/windows-x86_64/lib/gcc/aarch64-linux-android\4.9.x

Selected GCC installation: C:/Users/EDY/AppData/Local/Android/Sdk/ndk/22.1.7171670/toolchains/llvm/prebuilt/windows-x86_64/lib/gcc/aarch64-linux-android/4.9.x

Candidate multilib: .;@m64

Selected multilib: .;@m64

 "C:\\Users\\EDY\\AppData\\Local\\Android\\Sdk\\ndk\\22.1.7171670\\toolchains\\llvm\\prebuilt\\windows-x86_64\\bin\\ld" --sysroot=C:/Users/EDY/AppData/Local/Android/Sdk/ndk/22.1.7171670/toolchains/llvm/prebuilt/windows-x86_64/sysroot -pie -z noexecstack -EL --fix-cortex-a53-843419 --warn-shared-textrel -z now -z relro -z max-page-size=4096 --hash-style=both --enable-new-dtags --eh-frame-hdr -m aarch64linux -dynamic-linker /system/bin/linker64 -o cmTC_1e4a7 "C:/Users/EDY/AppData/Local/Android/Sdk/ndk/22.1.7171670/toolchains/llvm/prebuilt/windows-x86_64/sysroot/usr/lib/aarch64-linux-android/21\\crtbegin_dynamic.o" "-LC:\\Users\\EDY\\AppData\\Local\\Android\\Sdk\\ndk\\22.1.7171670\\toolchains\\llvm\\prebuilt\\windows-x86_64\\lib64\\clang\\11.0.5\\lib\\linux\\aarch64" -LC:/Users/EDY/AppData/Local/Android/Sdk/ndk/22.1.7171670/toolchains/llvm/prebuilt/windows-x86_64/lib/gcc/aarch64-linux-android/4.9.x -LC:/Users/EDY/AppData/Local/Android/Sdk/ndk/22.1.7171670/toolchains/llvm/prebuilt/windows-x86_64/lib/gcc/aarch64-linux-android/4.9.x/../../../../aarch64-linux-android/lib/../lib64 -LC:/Users/EDY/AppData/Local/Android/Sdk/ndk/22.1.7171670/toolchains/llvm/prebuilt/windows-x86_64/sysroot/usr/lib/aarch64-linux-android/21 -LC:/Users/EDY/AppData/Local/Android/Sdk/ndk/22.1.7171670/toolchains/llvm/prebuilt/windows-x86_64/sysroot/usr/lib/aarch64-linux-android -LC:/Users/EDY/AppData/Local/Android/Sdk/ndk/22.1.7171670/toolchains/llvm/prebuilt/windows-x86_64/lib/gcc/aarch64-linux-android/4.9.x/../../../../aarch64-linux-android/lib -LC:/Users/EDY/AppData/Local/Android/Sdk/ndk/22.1.7171670/toolchains/llvm/prebuilt/windows-x86_64/sysroot/usr/lib --exclude-libs libgcc.a --exclude-libs libgcc_real.a --exclude-libs libatomic.a --build-id=sha1 --no-rosegment --fatal-warnings --no-undefined --gc-sections CMakeFiles/cmTC_1e4a7.dir/CMakeCXXCompilerABI.cpp.o -Bstatic -lc++ -Bdynamic -lm -lgcc -ldl -lc -lgcc -ldl "C:/Users/EDY/AppData/Local/Android/Sdk/ndk/22.1.7171670/toolchains/llvm/prebuilt/windows-x86_64/sysroot/usr/lib/aarch64-linux-android/21\\crtend_android.o"



Parsed CXX implicit link information from above output:
  link line regex: [^( *|.*[/\])(CMAKE_LINKER-NOTFOUND|CMAKE_LINK_STARTFILE-NOTFOUND|([^/\]+-)?ld|collect2)[^/\]*( |$)]
  ignore line: [Change Dir: C:/Users/EDY/junker_zhaofei/MyWorkApplication/AndroidStudioProjects/GitObject/IMAndroidCplusplusProject/TUIKit/IMCppSDK/imcppsdk/.cxx/cmake/debug/arm64-v8a/CMakeFiles/CMakeTmp]
  ignore line: []
  ignore line: [Run Build Command:"C:\Users\EDY\AppData\Local\Android\Sdk\cmake\3.10.2.4988404\bin\ninja.exe" "cmTC_1e4a7"]
  ignore line: [[1/2] Building CXX object CMakeFiles/cmTC_1e4a7.dir/CMakeCXXCompilerABI.cpp.o]
  ignore line: [[2/2] Linking CXX executable cmTC_1e4a7]
  ignore line: [Android (7155654, based on r399163b1) clang version 11.0.5 (https://android.googlesource.com/toolchain/llvm-project 87f1315dfbea7c137aa2e6d362dbb457e388158d)]
  ignore line: [Target: aarch64-none-linux-android21]
  ignore line: [Thread model: posix]
  ignore line: [InstalledDir: C:\Users\EDY\AppData\Local\Android\Sdk\ndk\22.1.7171670\toolchains\llvm\prebuilt\windows-x86_64\bin]
  ignore line: [Found candidate GCC installation: C:/Users/EDY/AppData/Local/Android/Sdk/ndk/22.1.7171670/toolchains/llvm/prebuilt/windows-x86_64/lib/gcc/aarch64-linux-android\4.9.x]
  ignore line: [Selected GCC installation: C:/Users/EDY/AppData/Local/Android/Sdk/ndk/22.1.7171670/toolchains/llvm/prebuilt/windows-x86_64/lib/gcc/aarch64-linux-android/4.9.x]
  ignore line: [Candidate multilib: .]
  ignore line: [@m64]
  ignore line: [Selected multilib: .]
  ignore line: [@m64]
  link line: [ "C:\\Users\\EDY\\AppData\\Local\\Android\\Sdk\\ndk\\22.1.7171670\\toolchains\\llvm\\prebuilt\\windows-x86_64\\bin\\ld" --sysroot=C:/Users/EDY/AppData/Local/Android/Sdk/ndk/22.1.7171670/toolchains/llvm/prebuilt/windows-x86_64/sysroot -pie -z noexecstack -EL --fix-cortex-a53-843419 --warn-shared-textrel -z now -z relro -z max-page-size=4096 --hash-style=both --enable-new-dtags --eh-frame-hdr -m aarch64linux -dynamic-linker /system/bin/linker64 -o cmTC_1e4a7 "C:/Users/EDY/AppData/Local/Android/Sdk/ndk/22.1.7171670/toolchains/llvm/prebuilt/windows-x86_64/sysroot/usr/lib/aarch64-linux-android/21\\crtbegin_dynamic.o" "-LC:\\Users\\EDY\\AppData\\Local\\Android\\Sdk\\ndk\\22.1.7171670\\toolchains\\llvm\\prebuilt\\windows-x86_64\\lib64\\clang\\11.0.5\\lib\\linux\\aarch64" -LC:/Users/EDY/AppData/Local/Android/Sdk/ndk/22.1.7171670/toolchains/llvm/prebuilt/windows-x86_64/lib/gcc/aarch64-linux-android/4.9.x -LC:/Users/EDY/AppData/Local/Android/Sdk/ndk/22.1.7171670/toolchains/llvm/prebuilt/windows-x86_64/lib/gcc/aarch64-linux-android/4.9.x/../../../../aarch64-linux-android/lib/../lib64 -LC:/Users/EDY/AppData/Local/Android/Sdk/ndk/22.1.7171670/toolchains/llvm/prebuilt/windows-x86_64/sysroot/usr/lib/aarch64-linux-android/21 -LC:/Users/EDY/AppData/Local/Android/Sdk/ndk/22.1.7171670/toolchains/llvm/prebuilt/windows-x86_64/sysroot/usr/lib/aarch64-linux-android -LC:/Users/EDY/AppData/Local/Android/Sdk/ndk/22.1.7171670/toolchains/llvm/prebuilt/windows-x86_64/lib/gcc/aarch64-linux-android/4.9.x/../../../../aarch64-linux-android/lib -LC:/Users/EDY/AppData/Local/Android/Sdk/ndk/22.1.7171670/toolchains/llvm/prebuilt/windows-x86_64/sysroot/usr/lib --exclude-libs libgcc.a --exclude-libs libgcc_real.a --exclude-libs libatomic.a --build-id=sha1 --no-rosegment --fatal-warnings --no-undefined --gc-sections CMakeFiles/cmTC_1e4a7.dir/CMakeCXXCompilerABI.cpp.o -Bstatic -lc++ -Bdynamic -lm -lgcc -ldl -lc -lgcc -ldl "C:/Users/EDY/AppData/Local/Android/Sdk/ndk/22.1.7171670/toolchains/llvm/prebuilt/windows-x86_64/sysroot/usr/lib/aarch64-linux-android/21\\crtend_android.o"]
    arg [C:\\Users\\EDY\\AppData\\Local\\Android\\Sdk\\ndk\\22.1.7171670\\toolchains\\llvm\\prebuilt\\windows-x86_64\\bin\\ld] ==> ignore
    arg [--sysroot=C:/Users/EDY/AppData/Local/Android/Sdk/ndk/22.1.7171670/toolchains/llvm/prebuilt/windows-x86_64/sysroot] ==> ignore
    arg [-pie] ==> ignore
    arg [-znoexecstack] ==> ignore
    arg [-EL] ==> ignore
    arg [--fix-cortex-a53-843419] ==> ignore
    arg [--warn-shared-textrel] ==> ignore
    arg [-znow] ==> ignore
    arg [-zrelro] ==> ignore
    arg [-zmax-page-size=4096] ==> ignore
    arg [--hash-style=both] ==> ignore
    arg [--enable-new-dtags] ==> ignore
    arg [--eh-frame-hdr] ==> ignore
    arg [-m] ==> ignore
    arg [aarch64linux] ==> ignore
    arg [-dynamic-linker] ==> ignore
    arg [/system/bin/linker64] ==> ignore
    arg [-o] ==> ignore
    arg [cmTC_1e4a7] ==> ignore
    arg [C:/Users/EDY/AppData/Local/Android/Sdk/ndk/22.1.7171670/toolchains/llvm/prebuilt/windows-x86_64/sysroot/usr/lib/aarch64-linux-android/21\\crtbegin_dynamic.o] ==> ignore
    arg [-LC:\\Users\\EDY\\AppData\\Local\\Android\\Sdk\\ndk\\22.1.7171670\\toolchains\\llvm\\prebuilt\\windows-x86_64\\lib64\\clang\\11.0.5\\lib\\linux\\aarch64] ==> dir [C:\\Users\\EDY\\AppData\\Local\\Android\\Sdk\\ndk\\22.1.7171670\\toolchains\\llvm\\prebuilt\\windows-x86_64\\lib64\\clang\\11.0.5\\lib\\linux\\aarch64]
    arg [-LC:/Users/EDY/AppData/Local/Android/Sdk/ndk/22.1.7171670/toolchains/llvm/prebuilt/windows-x86_64/lib/gcc/aarch64-linux-android/4.9.x] ==> dir [C:/Users/EDY/AppData/Local/Android/Sdk/ndk/22.1.7171670/toolchains/llvm/prebuilt/windows-x86_64/lib/gcc/aarch64-linux-android/4.9.x]
    arg [-LC:/Users/EDY/AppData/Local/Android/Sdk/ndk/22.1.7171670/toolchains/llvm/prebuilt/windows-x86_64/lib/gcc/aarch64-linux-android/4.9.x/../../../../aarch64-linux-android/lib/../lib64] ==> dir [C:/Users/EDY/AppData/Local/Android/Sdk/ndk/22.1.7171670/toolchains/llvm/prebuilt/windows-x86_64/lib/gcc/aarch64-linux-android/4.9.x/../../../../aarch64-linux-android/lib/../lib64]
    arg [-LC:/Users/EDY/AppData/Local/Android/Sdk/ndk/22.1.7171670/toolchains/llvm/prebuilt/windows-x86_64/sysroot/usr/lib/aarch64-linux-android/21] ==> dir [C:/Users/EDY/AppData/Local/Android/Sdk/ndk/22.1.7171670/toolchains/llvm/prebuilt/windows-x86_64/sysroot/usr/lib/aarch64-linux-android/21]
    arg [-LC:/Users/EDY/AppData/Local/Android/Sdk/ndk/22.1.7171670/toolchains/llvm/prebuilt/windows-x86_64/sysroot/usr/lib/aarch64-linux-android] ==> dir [C:/Users/EDY/AppData/Local/Android/Sdk/ndk/22.1.7171670/toolchains/llvm/prebuilt/windows-x86_64/sysroot/usr/lib/aarch64-linux-android]
    arg [-LC:/Users/EDY/AppData/Local/Android/Sdk/ndk/22.1.7171670/toolchains/llvm/prebuilt/windows-x86_64/lib/gcc/aarch64-linux-android/4.9.x/../../../../aarch64-linux-android/lib] ==> dir [C:/Users/EDY/AppData/Local/Android/Sdk/ndk/22.1.7171670/toolchains/llvm/prebuilt/windows-x86_64/lib/gcc/aarch64-linux-android/4.9.x/../../../../aarch64-linux-android/lib]
    arg [-LC:/Users/EDY/AppData/Local/Android/Sdk/ndk/22.1.7171670/toolchains/llvm/prebuilt/windows-x86_64/sysroot/usr/lib] ==> dir [C:/Users/EDY/AppData/Local/Android/Sdk/ndk/22.1.7171670/toolchains/llvm/prebuilt/windows-x86_64/sysroot/usr/lib]
    arg [--exclude-libs] ==> ignore
    arg [libgcc.a] ==> ignore
    arg [--exclude-libs] ==> ignore
    arg [libgcc_real.a] ==> ignore
    arg [--exclude-libs] ==> ignore
    arg [libatomic.a] ==> ignore
    arg [--build-id=sha1] ==> ignore
    arg [--no-rosegment] ==> ignore
    arg [--fatal-warnings] ==> ignore
    arg [--no-undefined] ==> ignore
    arg [--gc-sections] ==> ignore
    arg [CMakeFiles/cmTC_1e4a7.dir/CMakeCXXCompilerABI.cpp.o] ==> ignore
    arg [-Bstatic] ==> ignore
    arg [-lc++] ==> lib [c++]
    arg [-Bdynamic] ==> ignore
    arg [-lm] ==> lib [m]
    arg [-lgcc] ==> lib [gcc]
    arg [-ldl] ==> lib [dl]
    arg [-lc] ==> lib [c]
    arg [-lgcc] ==> lib [gcc]
    arg [-ldl] ==> lib [dl]
    arg [C:/Users/EDY/AppData/Local/Android/Sdk/ndk/22.1.7171670/toolchains/llvm/prebuilt/windows-x86_64/sysroot/usr/lib/aarch64-linux-android/21\\crtend_android.o] ==> ignore
  collapse library dir [C:\\Users\\EDY\\AppData\\Local\\Android\\Sdk\\ndk\\22.1.7171670\\toolchains\\llvm\\prebuilt\\windows-x86_64\\lib64\\clang\\11.0.5\\lib\\linux\\aarch64] ==> [C:/Users/EDY/AppData/Local/Android/Sdk/ndk/22.1.7171670/toolchains/llvm/prebuilt/windows-x86_64/lib64/clang/11.0.5/lib/linux/aarch64]
  collapse library dir [C:/Users/EDY/AppData/Local/Android/Sdk/ndk/22.1.7171670/toolchains/llvm/prebuilt/windows-x86_64/lib/gcc/aarch64-linux-android/4.9.x] ==> [C:/Users/EDY/AppData/Local/Android/Sdk/ndk/22.1.7171670/toolchains/llvm/prebuilt/windows-x86_64/lib/gcc/aarch64-linux-android/4.9.x]
  collapse library dir [C:/Users/EDY/AppData/Local/Android/Sdk/ndk/22.1.7171670/toolchains/llvm/prebuilt/windows-x86_64/lib/gcc/aarch64-linux-android/4.9.x/../../../../aarch64-linux-android/lib/../lib64] ==> [C:/Users/EDY/AppData/Local/Android/Sdk/ndk/22.1.7171670/toolchains/llvm/prebuilt/windows-x86_64/aarch64-linux-android/lib64]
  collapse library dir [C:/Users/EDY/AppData/Local/Android/Sdk/ndk/22.1.7171670/toolchains/llvm/prebuilt/windows-x86_64/sysroot/usr/lib/aarch64-linux-android/21] ==> [C:/Users/EDY/AppData/Local/Android/Sdk/ndk/22.1.7171670/toolchains/llvm/prebuilt/windows-x86_64/sysroot/usr/lib/aarch64-linux-android/21]
  collapse library dir [C:/Users/EDY/AppData/Local/Android/Sdk/ndk/22.1.7171670/toolchains/llvm/prebuilt/windows-x86_64/sysroot/usr/lib/aarch64-linux-android] ==> [C:/Users/EDY/AppData/Local/Android/Sdk/ndk/22.1.7171670/toolchains/llvm/prebuilt/windows-x86_64/sysroot/usr/lib/aarch64-linux-android]
  collapse library dir [C:/Users/EDY/AppData/Local/Android/Sdk/ndk/22.1.7171670/toolchains/llvm/prebuilt/windows-x86_64/lib/gcc/aarch64-linux-android/4.9.x/../../../../aarch64-linux-android/lib] ==> [C:/Users/EDY/AppData/Local/Android/Sdk/ndk/22.1.7171670/toolchains/llvm/prebuilt/windows-x86_64/aarch64-linux-android/lib]
  collapse library dir [C:/Users/EDY/AppData/Local/Android/Sdk/ndk/22.1.7171670/toolchains/llvm/prebuilt/windows-x86_64/sysroot/usr/lib] ==> [C:/Users/EDY/AppData/Local/Android/Sdk/ndk/22.1.7171670/toolchains/llvm/prebuilt/windows-x86_64/sysroot/usr/lib]
  implicit libs: [c++;m;gcc;dl;c;gcc;dl]
  implicit dirs: [C:/Users/EDY/AppData/Local/Android/Sdk/ndk/22.1.7171670/toolchains/llvm/prebuilt/windows-x86_64/lib64/clang/11.0.5/lib/linux/aarch64;C:/Users/EDY/AppData/Local/Android/Sdk/ndk/22.1.7171670/toolchains/llvm/prebuilt/windows-x86_64/lib/gcc/aarch64-linux-android/4.9.x;C:/Users/EDY/AppData/Local/Android/Sdk/ndk/22.1.7171670/toolchains/llvm/prebuilt/windows-x86_64/aarch64-linux-android/lib64;C:/Users/EDY/AppData/Local/Android/Sdk/ndk/22.1.7171670/toolchains/llvm/prebuilt/windows-x86_64/sysroot/usr/lib/aarch64-linux-android/21;C:/Users/EDY/AppData/Local/Android/Sdk/ndk/22.1.7171670/toolchains/llvm/prebuilt/windows-x86_64/sysroot/usr/lib/aarch64-linux-android;C:/Users/EDY/AppData/Local/Android/Sdk/ndk/22.1.7171670/toolchains/llvm/prebuilt/windows-x86_64/aarch64-linux-android/lib;C:/Users/EDY/AppData/Local/Android/Sdk/ndk/22.1.7171670/toolchains/llvm/prebuilt/windows-x86_64/sysroot/usr/lib]
  implicit fwks: []




Detecting CXX [-std=c++1z] compiler features compiled with the following output:
Change Dir: C:/Users/EDY/junker_zhaofei/MyWorkApplication/AndroidStudioProjects/GitObject/IMAndroidCplusplusProject/TUIKit/IMCppSDK/imcppsdk/.cxx/cmake/debug/arm64-v8a/CMakeFiles/CMakeTmp

Run Build Command:"C:\Users\EDY\AppData\Local\Android\Sdk\cmake\3.10.2.4988404\bin\ninja.exe" "cmTC_6eef9"
[1/2] Building CXX object CMakeFiles/cmTC_6eef9.dir/feature_tests.cxx.o

[2/2] Linking CXX executable cmTC_6eef9



    Feature record: CXX_FEATURE:1cxx_aggregate_default_initializers
    Feature record: CXX_FEATURE:1cxx_alias_templates
    Feature record: CXX_FEATURE:1cxx_alignas
    Feature record: CXX_FEATURE:1cxx_alignof
    Feature record: CXX_FEATURE:1cxx_attributes
    Feature record: CXX_FEATURE:1cxx_attribute_deprecated
    Feature record: CXX_FEATURE:1cxx_auto_type
    Feature record: CXX_FEATURE:1cxx_binary_literals
    Feature record: CXX_FEATURE:1cxx_constexpr
    Feature record: CXX_FEATURE:1cxx_contextual_conversions
    Feature record: CXX_FEATURE:1cxx_decltype
    Feature record: CXX_FEATURE:1cxx_decltype_auto
    Feature record: CXX_FEATURE:1cxx_decltype_incomplete_return_types
    Feature record: CXX_FEATURE:1cxx_default_function_template_args
    Feature record: CXX_FEATURE:1cxx_defaulted_functions
    Feature record: CXX_FEATURE:1cxx_defaulted_move_initializers
    Feature record: CXX_FEATURE:1cxx_delegating_constructors
    Feature record: CXX_FEATURE:1cxx_deleted_functions
    Feature record: CXX_FEATURE:1cxx_digit_separators
    Feature record: CXX_FEATURE:1cxx_enum_forward_declarations
    Feature record: CXX_FEATURE:1cxx_explicit_conversions
    Feature record: CXX_FEATURE:1cxx_extended_friend_declarations
    Feature record: CXX_FEATURE:1cxx_extern_templates
    Feature record: CXX_FEATURE:1cxx_final
    Feature record: CXX_FEATURE:1cxx_func_identifier
    Feature record: CXX_FEATURE:1cxx_generalized_initializers
    Feature record: CXX_FEATURE:1cxx_generic_lambdas
    Feature record: CXX_FEATURE:1cxx_inheriting_constructors
    Feature record: CXX_FEATURE:1cxx_inline_namespaces
    Feature record: CXX_FEATURE:1cxx_lambdas
    Feature record: CXX_FEATURE:1cxx_lambda_init_captures
    Feature record: CXX_FEATURE:1cxx_local_type_template_args
    Feature record: CXX_FEATURE:1cxx_long_long_type
    Feature record: CXX_FEATURE:1cxx_noexcept
    Feature record: CXX_FEATURE:1cxx_nonstatic_member_init
    Feature record: CXX_FEATURE:1cxx_nullptr
    Feature record: CXX_FEATURE:1cxx_override
    Feature record: CXX_FEATURE:1cxx_range_for
    Feature record: CXX_FEATURE:1cxx_raw_string_literals
    Feature record: CXX_FEATURE:1cxx_reference_qualified_functions
    Feature record: CXX_FEATURE:1cxx_relaxed_constexpr
    Feature record: CXX_FEATURE:1cxx_return_type_deduction
    Feature record: CXX_FEATURE:1cxx_right_angle_brackets
    Feature record: CXX_FEATURE:1cxx_rvalue_references
    Feature record: CXX_FEATURE:1cxx_sizeof_member
    Feature record: CXX_FEATURE:1cxx_static_assert
    Feature record: CXX_FEATURE:1cxx_strong_enums
    Feature record: CXX_FEATURE:1cxx_template_template_parameters
    Feature record: CXX_FEATURE:1cxx_thread_local
    Feature record: CXX_FEATURE:1cxx_trailing_return_types
    Feature record: CXX_FEATURE:1cxx_unicode_literals
    Feature record: CXX_FEATURE:1cxx_uniform_initialization
    Feature record: CXX_FEATURE:1cxx_unrestricted_unions
    Feature record: CXX_FEATURE:1cxx_user_literals
    Feature record: CXX_FEATURE:1cxx_variable_templates
    Feature record: CXX_FEATURE:1cxx_variadic_macros
    Feature record: CXX_FEATURE:1cxx_variadic_templates


Detecting CXX [-std=c++14] compiler features compiled with the following output:
Change Dir: C:/Users/EDY/junker_zhaofei/MyWorkApplication/AndroidStudioProjects/GitObject/IMAndroidCplusplusProject/TUIKit/IMCppSDK/imcppsdk/.cxx/cmake/debug/arm64-v8a/CMakeFiles/CMakeTmp

Run Build Command:"C:\Users\EDY\AppData\Local\Android\Sdk\cmake\3.10.2.4988404\bin\ninja.exe" "cmTC_97c14"
[1/2] Building CXX object CMakeFiles/cmTC_97c14.dir/feature_tests.cxx.o

[2/2] Linking CXX executable cmTC_97c14



    Feature record: CXX_FEATURE:1cxx_aggregate_default_initializers
    Feature record: CXX_FEATURE:1cxx_alias_templates
    Feature record: CXX_FEATURE:1cxx_alignas
    Feature record: CXX_FEATURE:1cxx_alignof
    Feature record: CXX_FEATURE:1cxx_attributes
    Feature record: CXX_FEATURE:1cxx_attribute_deprecated
    Feature record: CXX_FEATURE:1cxx_auto_type
    Feature record: CXX_FEATURE:1cxx_binary_literals
    Feature record: CXX_FEATURE:1cxx_constexpr
    Feature record: CXX_FEATURE:1cxx_contextual_conversions
    Feature record: CXX_FEATURE:1cxx_decltype
    Feature record: CXX_FEATURE:1cxx_decltype_auto
    Feature record: CXX_FEATURE:1cxx_decltype_incomplete_return_types
    Feature record: CXX_FEATURE:1cxx_default_function_template_args
    Feature record: CXX_FEATURE:1cxx_defaulted_functions
    Feature record: CXX_FEATURE:1cxx_defaulted_move_initializers
    Feature record: CXX_FEATURE:1cxx_delegating_constructors
    Feature record: CXX_FEATURE:1cxx_deleted_functions
    Feature record: CXX_FEATURE:1cxx_digit_separators
    Feature record: CXX_FEATURE:1cxx_enum_forward_declarations
    Feature record: CXX_FEATURE:1cxx_explicit_conversions
    Feature record: CXX_FEATURE:1cxx_extended_friend_declarations
    Feature record: CXX_FEATURE:1cxx_extern_templates
    Feature record: CXX_FEATURE:1cxx_final
    Feature record: CXX_FEATURE:1cxx_func_identifier
    Feature record: CXX_FEATURE:1cxx_generalized_initializers
    Feature record: CXX_FEATURE:1cxx_generic_lambdas
    Feature record: CXX_FEATURE:1cxx_inheriting_constructors
    Feature record: CXX_FEATURE:1cxx_inline_namespaces
    Feature record: CXX_FEATURE:1cxx_lambdas
    Feature record: CXX_FEATURE:1cxx_lambda_init_captures
    Feature record: CXX_FEATURE:1cxx_local_type_template_args
    Feature record: CXX_FEATURE:1cxx_long_long_type
    Feature record: CXX_FEATURE:1cxx_noexcept
    Feature record: CXX_FEATURE:1cxx_nonstatic_member_init
    Feature record: CXX_FEATURE:1cxx_nullptr
    Feature record: CXX_FEATURE:1cxx_override
    Feature record: CXX_FEATURE:1cxx_range_for
    Feature record: CXX_FEATURE:1cxx_raw_string_literals
    Feature record: CXX_FEATURE:1cxx_reference_qualified_functions
    Feature record: CXX_FEATURE:1cxx_relaxed_constexpr
    Feature record: CXX_FEATURE:1cxx_return_type_deduction
    Feature record: CXX_FEATURE:1cxx_right_angle_brackets
    Feature record: CXX_FEATURE:1cxx_rvalue_references
    Feature record: CXX_FEATURE:1cxx_sizeof_member
    Feature record: CXX_FEATURE:1cxx_static_assert
    Feature record: CXX_FEATURE:1cxx_strong_enums
    Feature record: CXX_FEATURE:1cxx_template_template_parameters
    Feature record: CXX_FEATURE:1cxx_thread_local
    Feature record: CXX_FEATURE:1cxx_trailing_return_types
    Feature record: CXX_FEATURE:1cxx_unicode_literals
    Feature record: CXX_FEATURE:1cxx_uniform_initialization
    Feature record: CXX_FEATURE:1cxx_unrestricted_unions
    Feature record: CXX_FEATURE:1cxx_user_literals
    Feature record: CXX_FEATURE:1cxx_variable_templates
    Feature record: CXX_FEATURE:1cxx_variadic_macros
    Feature record: CXX_FEATURE:1cxx_variadic_templates


Detecting CXX [-std=c++11] compiler features compiled with the following output:
Change Dir: C:/Users/EDY/junker_zhaofei/MyWorkApplication/AndroidStudioProjects/GitObject/IMAndroidCplusplusProject/TUIKit/IMCppSDK/imcppsdk/.cxx/cmake/debug/arm64-v8a/CMakeFiles/CMakeTmp

Run Build Command:"C:\Users\EDY\AppData\Local\Android\Sdk\cmake\3.10.2.4988404\bin\ninja.exe" "cmTC_27d97"
[1/2] Building CXX object CMakeFiles/cmTC_27d97.dir/feature_tests.cxx.o

[2/2] Linking CXX executable cmTC_27d97



    Feature record: CXX_FEATURE:0cxx_aggregate_default_initializers
    Feature record: CXX_FEATURE:1cxx_alias_templates
    Feature record: CXX_FEATURE:1cxx_alignas
    Feature record: CXX_FEATURE:1cxx_alignof
    Feature record: CXX_FEATURE:1cxx_attributes
    Feature record: CXX_FEATURE:0cxx_attribute_deprecated
    Feature record: CXX_FEATURE:1cxx_auto_type
    Feature record: CXX_FEATURE:0cxx_binary_literals
    Feature record: CXX_FEATURE:1cxx_constexpr
    Feature record: CXX_FEATURE:0cxx_contextual_conversions
    Feature record: CXX_FEATURE:1cxx_decltype
    Feature record: CXX_FEATURE:0cxx_decltype_auto
    Feature record: CXX_FEATURE:1cxx_decltype_incomplete_return_types
    Feature record: CXX_FEATURE:1cxx_default_function_template_args
    Feature record: CXX_FEATURE:1cxx_defaulted_functions
    Feature record: CXX_FEATURE:1cxx_defaulted_move_initializers
    Feature record: CXX_FEATURE:1cxx_delegating_constructors
    Feature record: CXX_FEATURE:1cxx_deleted_functions
    Feature record: CXX_FEATURE:0cxx_digit_separators
    Feature record: CXX_FEATURE:1cxx_enum_forward_declarations
    Feature record: CXX_FEATURE:1cxx_explicit_conversions
    Feature record: CXX_FEATURE:1cxx_extended_friend_declarations
    Feature record: CXX_FEATURE:1cxx_extern_templates
    Feature record: CXX_FEATURE:1cxx_final
    Feature record: CXX_FEATURE:1cxx_func_identifier
    Feature record: CXX_FEATURE:1cxx_generalized_initializers
    Feature record: CXX_FEATURE:0cxx_generic_lambdas
    Feature record: CXX_FEATURE:1cxx_inheriting_constructors
    Feature record: CXX_FEATURE:1cxx_inline_namespaces
    Feature record: CXX_FEATURE:1cxx_lambdas
    Feature record: CXX_FEATURE:0cxx_lambda_init_captures
    Feature record: CXX_FEATURE:1cxx_local_type_template_args
    Feature record: CXX_FEATURE:1cxx_long_long_type
    Feature record: CXX_FEATURE:1cxx_noexcept
    Feature record: CXX_FEATURE:1cxx_nonstatic_member_init
    Feature record: CXX_FEATURE:1cxx_nullptr
    Feature record: CXX_FEATURE:1cxx_override
    Feature record: CXX_FEATURE:1cxx_range_for
    Feature record: CXX_FEATURE:1cxx_raw_string_literals
    Feature record: CXX_FEATURE:1cxx_reference_qualified_functions
    Feature record: CXX_FEATURE:0cxx_relaxed_constexpr
    Feature record: CXX_FEATURE:0cxx_return_type_deduction
    Feature record: CXX_FEATURE:1cxx_right_angle_brackets
    Feature record: CXX_FEATURE:1cxx_rvalue_references
    Feature record: CXX_FEATURE:1cxx_sizeof_member
    Feature record: CXX_FEATURE:1cxx_static_assert
    Feature record: CXX_FEATURE:1cxx_strong_enums
    Feature record: CXX_FEATURE:1cxx_template_template_parameters
    Feature record: CXX_FEATURE:1cxx_thread_local
    Feature record: CXX_FEATURE:1cxx_trailing_return_types
    Feature record: CXX_FEATURE:1cxx_unicode_literals
    Feature record: CXX_FEATURE:1cxx_uniform_initialization
    Feature record: CXX_FEATURE:1cxx_unrestricted_unions
    Feature record: CXX_FEATURE:1cxx_user_literals
    Feature record: CXX_FEATURE:0cxx_variable_templates
    Feature record: CXX_FEATURE:1cxx_variadic_macros
    Feature record: CXX_FEATURE:1cxx_variadic_templates


Detecting CXX [-std=c++98] compiler features compiled with the following output:
Change Dir: C:/Users/EDY/junker_zhaofei/MyWorkApplication/AndroidStudioProjects/GitObject/IMAndroidCplusplusProject/TUIKit/IMCppSDK/imcppsdk/.cxx/cmake/debug/arm64-v8a/CMakeFiles/CMakeTmp

Run Build Command:"C:\Users\EDY\AppData\Local\Android\Sdk\cmake\3.10.2.4988404\bin\ninja.exe" "cmTC_e1b8d"
[1/2] Building CXX object CMakeFiles/cmTC_e1b8d.dir/feature_tests.cxx.o

[2/2] Linking CXX executable cmTC_e1b8d



    Feature record: CXX_FEATURE:0cxx_aggregate_default_initializers
    Feature record: CXX_FEATURE:0cxx_alias_templates
    Feature record: CXX_FEATURE:0cxx_alignas
    Feature record: CXX_FEATURE:0cxx_alignof
    Feature record: CXX_FEATURE:0cxx_attributes
    Feature record: CXX_FEATURE:0cxx_attribute_deprecated
    Feature record: CXX_FEATURE:0cxx_auto_type
    Feature record: CXX_FEATURE:0cxx_binary_literals
    Feature record: CXX_FEATURE:0cxx_constexpr
    Feature record: CXX_FEATURE:0cxx_contextual_conversions
    Feature record: CXX_FEATURE:0cxx_decltype
    Feature record: CXX_FEATURE:0cxx_decltype_auto
    Feature record: CXX_FEATURE:0cxx_decltype_incomplete_return_types
    Feature record: CXX_FEATURE:0cxx_default_function_template_args
    Feature record: CXX_FEATURE:0cxx_defaulted_functions
    Feature record: CXX_FEATURE:0cxx_defaulted_move_initializers
    Feature record: CXX_FEATURE:0cxx_delegating_constructors
    Feature record: CXX_FEATURE:0cxx_deleted_functions
    Feature record: CXX_FEATURE:0cxx_digit_separators
    Feature record: CXX_FEATURE:0cxx_enum_forward_declarations
    Feature record: CXX_FEATURE:0cxx_explicit_conversions
    Feature record: CXX_FEATURE:0cxx_extended_friend_declarations
    Feature record: CXX_FEATURE:0cxx_extern_templates
    Feature record: CXX_FEATURE:0cxx_final
    Feature record: CXX_FEATURE:0cxx_func_identifier
    Feature record: CXX_FEATURE:0cxx_generalized_initializers
    Feature record: CXX_FEATURE:0cxx_generic_lambdas
    Feature record: CXX_FEATURE:0cxx_inheriting_constructors
    Feature record: CXX_FEATURE:0cxx_inline_namespaces
    Feature record: CXX_FEATURE:0cxx_lambdas
    Feature record: CXX_FEATURE:0cxx_lambda_init_captures
    Feature record: CXX_FEATURE:0cxx_local_type_template_args
    Feature record: CXX_FEATURE:0cxx_long_long_type
    Feature record: CXX_FEATURE:0cxx_noexcept
    Feature record: CXX_FEATURE:0cxx_nonstatic_member_init
    Feature record: CXX_FEATURE:0cxx_nullptr
    Feature record: CXX_FEATURE:0cxx_override
    Feature record: CXX_FEATURE:0cxx_range_for
    Feature record: CXX_FEATURE:0cxx_raw_string_literals
    Feature record: CXX_FEATURE:0cxx_reference_qualified_functions
    Feature record: CXX_FEATURE:0cxx_relaxed_constexpr
    Feature record: CXX_FEATURE:0cxx_return_type_deduction
    Feature record: CXX_FEATURE:0cxx_right_angle_brackets
    Feature record: CXX_FEATURE:0cxx_rvalue_references
    Feature record: CXX_FEATURE:0cxx_sizeof_member
    Feature record: CXX_FEATURE:0cxx_static_assert
    Feature record: CXX_FEATURE:0cxx_strong_enums
    Feature record: CXX_FEATURE:1cxx_template_template_parameters
    Feature record: CXX_FEATURE:0cxx_thread_local
    Feature record: CXX_FEATURE:0cxx_trailing_return_types
    Feature record: CXX_FEATURE:0cxx_unicode_literals
    Feature record: CXX_FEATURE:0cxx_uniform_initialization
    Feature record: CXX_FEATURE:0cxx_unrestricted_unions
    Feature record: CXX_FEATURE:0cxx_user_literals
    Feature record: CXX_FEATURE:0cxx_variable_templates
    Feature record: CXX_FEATURE:0cxx_variadic_macros
    Feature record: CXX_FEATURE:0cxx_variadic_templates
